{"/Users/fox/Documents/FAC6/map4/server.js":{"path":"/Users/fox/Documents/FAC6/map4/server.js","s":{"1":1,"2":1,"3":1,"4":1,"5":1,"6":1,"7":1,"8":1,"9":0,"10":0,"11":1,"12":1,"13":1,"14":3,"15":3,"16":3,"17":2,"18":1,"19":1},"b":{"1":[2,1]},"f":{"1":0,"2":3},"fnMap":{"1":{"name":"(anonymous_1)","line":9,"loc":{"start":{"line":9,"column":20},"end":{"line":9,"column":36}}},"2":{"name":"handler","line":20,"loc":{"start":{"line":20,"column":0},"end":{"line":20,"column":27}}}},"statementMap":{"1":{"start":{"line":1,"column":0},"end":{"line":1,"column":48}},"2":{"start":{"line":2,"column":0},"end":{"line":2,"column":25}},"3":{"start":{"line":3,"column":0},"end":{"line":3,"column":73}},"4":{"start":{"line":4,"column":0},"end":{"line":4,"column":73}},"5":{"start":{"line":5,"column":0},"end":{"line":5,"column":67}},"6":{"start":{"line":7,"column":0},"end":{"line":7,"column":51}},"7":{"start":{"line":8,"column":0},"end":{"line":8,"column":38}},"8":{"start":{"line":9,"column":0},"end":{"line":12,"column":3}},"9":{"start":{"line":10,"column":2},"end":{"line":10,"column":43}},"10":{"start":{"line":11,"column":2},"end":{"line":11,"column":34}},"11":{"start":{"line":16,"column":0},"end":{"line":16,"column":46}},"12":{"start":{"line":17,"column":0},"end":{"line":17,"column":34}},"13":{"start":{"line":20,"column":0},"end":{"line":29,"column":1}},"14":{"start":{"line":21,"column":4},"end":{"line":21,"column":43}},"15":{"start":{"line":22,"column":4},"end":{"line":22,"column":35}},"16":{"start":{"line":23,"column":4},"end":{"line":27,"column":5}},"17":{"start":{"line":24,"column":8},"end":{"line":24,"column":34}},"18":{"start":{"line":26,"column":8},"end":{"line":26,"column":33}},"19":{"start":{"line":32,"column":0},"end":{"line":35,"column":18}}},"branchMap":{"1":{"line":23,"type":"if","locations":[{"start":{"line":23,"column":4},"end":{"line":23,"column":4}},{"start":{"line":23,"column":4},"end":{"line":23,"column":4}}]}}},"/Users/fox/Documents/FAC6/map4/controllers/router.js":{"path":"/Users/fox/Documents/FAC6/map4/controllers/router.js","s":{"1":1,"2":1,"3":2,"4":1,"5":3,"6":6,"7":3,"8":1,"9":1,"10":1},"b":{},"f":{"1":2,"2":3,"3":6},"fnMap":{"1":{"name":"addRoute","line":4,"loc":{"start":{"line":4,"column":0},"end":{"line":4,"column":33}}},"2":{"name":"match","line":16,"loc":{"start":{"line":16,"column":0},"end":{"line":16,"column":21}}},"3":{"name":"(anonymous_3)","line":17,"loc":{"start":{"line":17,"column":32},"end":{"line":17,"column":48}}}},"statementMap":{"1":{"start":{"line":2,"column":0},"end":{"line":2,"column":16}},"2":{"start":{"line":4,"column":0},"end":{"line":14,"column":1}},"3":{"start":{"line":6,"column":4},"end":{"line":12,"column":7}},"4":{"start":{"line":16,"column":0},"end":{"line":23,"column":1}},"5":{"start":{"line":17,"column":4},"end":{"line":19,"column":7}},"6":{"start":{"line":18,"column":8},"end":{"line":18,"column":35}},"7":{"start":{"line":21,"column":4},"end":{"line":21,"column":22}},"8":{"start":{"line":40,"column":0},"end":{"line":40,"column":28}},"9":{"start":{"line":41,"column":0},"end":{"line":41,"column":22}},"10":{"start":{"line":42,"column":0},"end":{"line":42,"column":24}}},"branchMap":{}},"/Users/fox/Documents/FAC6/map4/controllers/handlers/articleHandler.js":{"path":"/Users/fox/Documents/FAC6/map4/controllers/handlers/articleHandler.js","s":{"1":1,"2":1,"3":1},"b":{},"f":{"1":1},"fnMap":{"1":{"name":"(anonymous_1)","line":2,"loc":{"start":{"line":2,"column":17},"end":{"line":2,"column":40}}}},"statementMap":{"1":{"start":{"line":2,"column":0},"end":{"line":7,"column":2}},"2":{"start":{"line":3,"column":4},"end":{"line":5,"column":7}},"3":{"start":{"line":6,"column":4},"end":{"line":6,"column":27}}},"branchMap":{}},"/Users/fox/Documents/FAC6/map4/controllers/handlers/generalHandler.js":{"path":"/Users/fox/Documents/FAC6/map4/controllers/handlers/generalHandler.js","s":{"1":1,"2":1,"3":1,"4":1,"5":1,"6":1,"7":0,"8":0,"9":0,"10":1},"b":{"1":[1,0]},"f":{"1":1,"2":1},"fnMap":{"1":{"name":"(anonymous_1)","line":3,"loc":{"start":{"line":3,"column":21},"end":{"line":3,"column":40}}},"2":{"name":"(anonymous_2)","line":4,"loc":{"start":{"line":4,"column":38},"end":{"line":4,"column":58}}}},"statementMap":{"1":{"start":{"line":1,"column":0},"end":{"line":1,"column":23}},"2":{"start":{"line":3,"column":0},"end":{"line":18,"column":2}},"3":{"start":{"line":4,"column":4},"end":{"line":17,"column":7}},"4":{"start":{"line":5,"column":8},"end":{"line":16,"column":9}},"5":{"start":{"line":6,"column":12},"end":{"line":8,"column":15}},"6":{"start":{"line":9,"column":12},"end":{"line":9,"column":43}},"7":{"start":{"line":11,"column":12},"end":{"line":11,"column":44}},"8":{"start":{"line":12,"column":12},"end":{"line":14,"column":15}},"9":{"start":{"line":15,"column":12},"end":{"line":15,"column":26}},"10":{"start":{"line":22,"column":0},"end":{"line":22,"column":32}}},"branchMap":{"1":{"line":5,"type":"if","locations":[{"start":{"line":5,"column":8},"end":{"line":5,"column":8}},{"start":{"line":5,"column":8},"end":{"line":5,"column":8}}]}}},"/Users/fox/Documents/FAC6/map4/controllers/handlers/rootHandler.js":{"path":"/Users/fox/Documents/FAC6/map4/controllers/handlers/rootHandler.js","s":{"1":1,"2":1,"3":1,"4":1,"5":1,"6":1,"7":1,"8":1,"9":1,"10":1,"11":1,"12":1,"13":1,"14":1,"15":1,"16":1,"17":1,"18":1,"19":1,"20":1,"21":1,"22":1,"23":0,"24":1,"25":1,"26":1,"27":1},"b":{"1":[1,0]},"f":{"1":1,"2":1,"3":1,"4":1,"5":1,"6":0},"fnMap":{"1":{"name":"(anonymous_1)","line":7,"loc":{"start":{"line":7,"column":18},"end":{"line":7,"column":37}}},"2":{"name":"getTflData","line":17,"loc":{"start":{"line":17,"column":2},"end":{"line":17,"column":24}}},"3":{"name":"(anonymous_3)","line":18,"loc":{"start":{"line":18,"column":25},"end":{"line":18,"column":44}}},"4":{"name":"(anonymous_4)","line":21,"loc":{"start":{"line":21,"column":26},"end":{"line":21,"column":42}}},"5":{"name":"(anonymous_5)","line":24,"loc":{"start":{"line":24,"column":25},"end":{"line":24,"column":36}}},"6":{"name":"(anonymous_6)","line":35,"loc":{"start":{"line":35,"column":19},"end":{"line":35,"column":31}}}},"statementMap":{"1":{"start":{"line":1,"column":0},"end":{"line":1,"column":29}},"2":{"start":{"line":2,"column":0},"end":{"line":2,"column":23}},"3":{"start":{"line":3,"column":0},"end":{"line":3,"column":50}},"4":{"start":{"line":4,"column":0},"end":{"line":4,"column":19}},"5":{"start":{"line":5,"column":0},"end":{"line":5,"column":18}},"6":{"start":{"line":7,"column":0},"end":{"line":45,"column":2}},"7":{"start":{"line":8,"column":2},"end":{"line":8,"column":41}},"8":{"start":{"line":9,"column":2},"end":{"line":11,"column":5}},"9":{"start":{"line":12,"column":2},"end":{"line":12,"column":17}},"10":{"start":{"line":14,"column":2},"end":{"line":14,"column":72}},"11":{"start":{"line":17,"column":2},"end":{"line":38,"column":3}},"12":{"start":{"line":18,"column":4},"end":{"line":37,"column":7}},"13":{"start":{"line":19,"column":6},"end":{"line":19,"column":58}},"14":{"start":{"line":20,"column":6},"end":{"line":20,"column":19}},"15":{"start":{"line":21,"column":6},"end":{"line":23,"column":9}},"16":{"start":{"line":22,"column":8},"end":{"line":22,"column":21}},"17":{"start":{"line":24,"column":6},"end":{"line":31,"column":9}},"18":{"start":{"line":25,"column":8},"end":{"line":25,"column":23}},"19":{"start":{"line":26,"column":8},"end":{"line":30,"column":9}},"20":{"start":{"line":27,"column":10},"end":{"line":27,"column":44}},"21":{"start":{"line":28,"column":10},"end":{"line":28,"column":27}},"22":{"start":{"line":29,"column":10},"end":{"line":29,"column":31}},"23":{"start":{"line":36,"column":6},"end":{"line":36,"column":45}},"24":{"start":{"line":39,"column":2},"end":{"line":39,"column":15}},"25":{"start":{"line":40,"column":2},"end":{"line":40,"column":54}},"26":{"start":{"line":41,"column":2},"end":{"line":41,"column":33}},"27":{"start":{"line":47,"column":0},"end":{"line":47,"column":29}}},"branchMap":{"1":{"line":26,"type":"if","locations":[{"start":{"line":26,"column":8},"end":{"line":26,"column":8}},{"start":{"line":26,"column":8},"end":{"line":26,"column":8}}]}}}}