TN:
SF:/Users/fox/Documents/FAC6/map4/server.js
FN:9,(anonymous_1)
FN:20,handler
FNF:2
FNH:1
FNDA:0,(anonymous_1)
FNDA:3,handler
DA:1,1
DA:2,1
DA:3,1
DA:4,1
DA:5,1
DA:7,1
DA:8,1
DA:9,1
DA:10,0
DA:11,0
DA:16,1
DA:17,1
DA:20,1
DA:21,3
DA:22,3
DA:23,3
DA:24,2
DA:26,1
DA:32,1
LF:19
LH:17
BRDA:23,1,0,2
BRDA:23,1,1,1
BRF:2
BRH:2
end_of_record
TN:
SF:/Users/fox/Documents/FAC6/map4/controllers/router.js
FN:4,addRoute
FN:16,match
FN:17,(anonymous_3)
FNF:3
FNH:3
FNDA:2,addRoute
FNDA:3,match
FNDA:6,(anonymous_3)
DA:2,1
DA:4,1
DA:6,2
DA:16,1
DA:17,3
DA:18,6
DA:21,3
DA:40,1
DA:41,1
DA:42,1
LF:10
LH:10
BRF:0
BRH:0
end_of_record
TN:
SF:/Users/fox/Documents/FAC6/map4/controllers/handlers/articleHandler.js
FN:2,(anonymous_1)
FNF:1
FNH:1
FNDA:1,(anonymous_1)
DA:2,1
DA:3,1
DA:6,1
LF:3
LH:3
BRF:0
BRH:0
end_of_record
TN:
SF:/Users/fox/Documents/FAC6/map4/controllers/handlers/generalHandler.js
FN:3,(anonymous_1)
FN:4,(anonymous_2)
FNF:2
FNH:2
FNDA:1,(anonymous_1)
FNDA:1,(anonymous_2)
DA:1,1
DA:3,1
DA:4,1
DA:5,1
DA:6,1
DA:9,1
DA:11,0
DA:12,0
DA:15,0
DA:22,1
LF:10
LH:7
BRDA:5,1,0,1
BRDA:5,1,1,0
BRF:2
BRH:1
end_of_record
TN:
SF:/Users/fox/Documents/FAC6/map4/controllers/handlers/rootHandler.js
FN:7,(anonymous_1)
FN:17,getTflData
FN:18,(anonymous_3)
FN:21,(anonymous_4)
FN:24,(anonymous_5)
FN:35,(anonymous_6)
FNF:6
FNH:5
FNDA:1,(anonymous_1)
FNDA:1,getTflData
FNDA:1,(anonymous_3)
FNDA:1,(anonymous_4)
FNDA:1,(anonymous_5)
FNDA:0,(anonymous_6)
DA:1,1
DA:2,1
DA:3,1
DA:4,1
DA:5,1
DA:7,1
DA:8,1
DA:9,1
DA:12,1
DA:14,1
DA:17,1
DA:18,1
DA:19,1
DA:20,1
DA:21,1
DA:22,1
DA:24,1
DA:25,1
DA:26,1
DA:27,1
DA:28,1
DA:29,1
DA:36,0
DA:39,1
DA:40,1
DA:41,1
DA:47,1
LF:27
LH:26
BRDA:26,1,0,1
BRDA:26,1,1,0
BRF:2
BRH:1
end_of_record
